<?xml version="1.0" encoding="UTF-8"?>
<testsuite xmlns:xsi="http://www.w3.org/2001/XMLSchema-instance" xsi:noNamespaceSchemaLocation="https://maven.apache.org/surefire/maven-surefire-plugin/xsd/surefire-test-report-3.0.xsd" version="3.0" name="org.strtools.api.ConsecutiveCharRemoverStrategyTest" time="0.165" tests="28" errors="0" skipped="0" failures="0">
  <properties>
[...]
</properties>
  <testcase name="testPerformanceWithLongString" classname="org.strtools.api.ConsecutiveCharRemoverStrategyTest" time="0.049"/>
  <testcase name="testRemovalCreatesNewSequence" classname="org.strtools.api.ConsecutiveCharRemoverStrategyTest" time="0.0"/>
  <testcase name="testStrategyName" classname="org.strtools.api.ConsecutiveCharRemoverStrategyTest" time="0.001"/>
  <testcase name="testProblemExample" classname="org.strtools.api.ConsecutiveCharRemoverStrategyTest" time="0.0"/>
  <testcase name="testBlankInputThrowsException(String)[1]" classname="org.strtools.api.ConsecutiveCharRemoverStrategyTest" time="0.018"/>
  <testcase name="testBasicRemoval(String, String)[1]" classname="org.strtools.api.ConsecutiveCharRemoverStrategyTest" time="0.001"/>
  <testcase name="testBasicRemoval(String, String)[2]" classname="org.strtools.api.ConsecutiveCharRemoverStrategyTest" time="0.001"/>
  <testcase name="testBasicRemoval(String, String)[3]" classname="org.strtools.api.ConsecutiveCharRemoverStrategyTest" time="0.0"/>
  <testcase name="testBasicRemoval(String, String)[4]" classname="org.strtools.api.ConsecutiveCharRemoverStrategyTest" time="0.0"/>
  <testcase name="testBasicRemoval(String, String)[5]" classname="org.strtools.api.ConsecutiveCharRemoverStrategyTest" time="0.0"/>
  <testcase name="testBasicRemoval(String, String)[6]" classname="org.strtools.api.ConsecutiveCharRemoverStrategyTest" time="0.0"/>
  <testcase name="testBasicRemoval(String, String)[7]" classname="org.strtools.api.ConsecutiveCharRemoverStrategyTest" time="0.001"/>
  <testcase name="testBasicRemoval(String, String)[8]" classname="org.strtools.api.ConsecutiveCharRemoverStrategyTest" time="0.0"/>
  <testcase name="testBasicRemoval(String, String)[9]" classname="org.strtools.api.ConsecutiveCharRemoverStrategyTest" time="0.0"/>
  <testcase name="testBasicRemoval(String, String)[10]" classname="org.strtools.api.ConsecutiveCharRemoverStrategyTest" time="0.0"/>
  <testcase name="testBasicRemoval(String, String)[11]" classname="org.strtools.api.ConsecutiveCharRemoverStrategyTest" time="0.0"/>
  <testcase name="testBasicRemoval(String, String)[12]" classname="org.strtools.api.ConsecutiveCharRemoverStrategyTest" time="0.0"/>
  <testcase name="testBasicRemoval(String, String)[13]" classname="org.strtools.api.ConsecutiveCharRemoverStrategyTest" time="0.0"/>
  <testcase name="testBasicRemoval(String, String)[14]" classname="org.strtools.api.ConsecutiveCharRemoverStrategyTest" time="0.001"/>
  <testcase name="testBasicRemoval(String, String)[15]" classname="org.strtools.api.ConsecutiveCharRemoverStrategyTest" time="0.0"/>
  <testcase name="testBasicRemoval(String, String)[16]" classname="org.strtools.api.ConsecutiveCharRemoverStrategyTest" time="0.0"/>
  <testcase name="testEmptyAndBlankInputs(String)[1]" classname="org.strtools.api.ConsecutiveCharRemoverStrategyTest" time="0.0"/>
  <testcase name="testInvalidCharacters(String)[1]" classname="org.strtools.api.ConsecutiveCharRemoverStrategyTest" time="0.002"/>
  <testcase name="testInvalidCharacters(String)[2]" classname="org.strtools.api.ConsecutiveCharRemoverStrategyTest" time="0.001"/>
  <testcase name="testInvalidCharacters(String)[3]" classname="org.strtools.api.ConsecutiveCharRemoverStrategyTest" time="0.001"/>
  <testcase name="testInvalidCharacters(String)[4]" classname="org.strtools.api.ConsecutiveCharRemoverStrategyTest" time="0.001"/>
  <testcase name="testInvalidCharacters(String)[5]" classname="org.strtools.api.ConsecutiveCharRemoverStrategyTest" time="0.0"/>
  <testcase name="testNullInput" classname="org.strtools.api.ConsecutiveCharRemoverStrategyTest" time="0.0"/>
</testsuite>